p/167.jpg 1 0 0 38 46
p/166.jpg 1 0 0 38 46
p/165.jpg 1 0 0 38 46
p/164.jpg 1 0 0 38 46
p/163.jpg 1 0 0 38 46
p/162.jpg 1 0 0 38 46
p/161.jpg 1 0 0 38 46
p/160.jpg 1 0 0 38 46
p/159.jpg 1 0 0 38 46
p/158.jpg 1 0 0 38 46
p/157.jpg 1 0 0 38 46
p/156.jpg 1 0 0 38 46
p/155.jpg 1 0 0 38 46
p/154.jpg 1 0 0 38 46
p/153.jpg 1 0 0 38 46
p/152.jpg 1 0 0 38 46
p/151.jpg 1 0 0 38 46
p/150.jpg 1 0 0 38 46
p/149.jpg 1 0 0 38 46
p/148.jpg 1 0 0 38 46
p/147.jpg 1 0 0 38 46
p/146.jpg 1 0 0 38 46
p/145.jpg 1 0 0 38 46
p/144.jpg 1 0 0 38 46
p/143.jpg 1 0 0 38 46
p/142.jpg 1 0 0 38 46
p/141.jpg 1 0 0 38 46
p/140.jpg 1 0 0 38 46
p/139.jpg 1 0 0 38 46
p/138.jpg 1 0 0 38 46
p/137.jpg 1 0 0 38 46
p/136.jpg 1 0 0 38 46
p/135.jpg 1 0 0 38 46
p/134.jpg 1 0 0 38 46
p/133.jpg 1 0 0 38 46
p/132.jpg 1 0 0 38 46
p/131.jpg 1 0 0 38 46
p/130.jpg 1 0 0 38 46
p/129.jpg 1 0 0 38 46
p/128.jpg 1 0 0 38 46
p/127.jpg 1 0 0 38 46
p/126.jpg 1 0 0 38 46
p/125.jpg 1 0 0 38 46
p/124.jpg 1 0 0 38 46
p/123.jpg 1 0 0 38 46
p/122.jpg 1 0 0 38 46
p/121.jpg 1 0 0 38 46
p/120.jpg 1 0 0 38 46
p/119.jpg 1 0 0 38 46
p/118.jpg 1 0 0 38 46
p/117.jpg 1 0 0 38 46
p/116.jpg 1 0 0 38 46
p/115.jpg 1 0 0 38 46
p/114.jpg 1 0 0 38 46
p/113.jpg 1 0 0 38 46
p/112.jpg 1 0 0 38 46
p/111.jpg 1 0 0 38 46
p/110.jpg 1 0 0 38 46
p/109.jpg 1 0 0 38 46
p/108.jpg 1 0 0 38 46
p/107.jpg 1 0 0 38 46
p/106.jpg 1 0 0 38 46
p/105.jpg 1 0 0 38 46
p/104.jpg 1 0 0 38 46
p/103.jpg 1 0 0 38 46
p/102.jpg 1 0 0 38 46
p/101.jpg 1 0 0 38 46
p/100.jpg 1 0 0 38 46
p/99.jpg 1 0 0 38 46
p/98.jpg 1 0 0 38 46
p/97.jpg 1 0 0 38 46
p/96.jpg 1 0 0 38 46
p/95.jpg 1 0 0 38 46
p/94.jpg 1 0 0 38 46
p/93.jpg 1 0 0 38 46
p/92.jpg 1 0 0 38 46
p/91.jpg 1 0 0 38 46
p/90.jpg 1 0 0 38 46
p/89.jpg 1 0 0 38 46
p/88.jpg 1 0 0 38 46
p/87.jpg 1 0 0 38 46
p/86.jpg 1 0 0 38 46
p/85.jpg 1 0 0 38 46
p/84.jpg 1 0 0 38 46
p/83.jpg 1 0 0 38 46
p/82.jpg 1 0 0 38 46
p/81.jpg 1 0 0 38 46
p/80.jpg 1 0 0 38 46
p/79.jpg 1 0 0 38 46
p/78.jpg 1 0 0 38 46
p/77.jpg 1 0 0 38 46
p/76.jpg 1 0 0 38 46
p/75.jpg 1 0 0 38 46
p/74.jpg 1 0 0 38 46
p/73.jpg 1 0 0 38 46
p/72.jpg 1 0 0 38 46
p/71.jpg 1 0 0 38 46
p/70.jpg 1 0 0 38 46
p/69.jpg 1 0 0 38 46
p/68.jpg 1 0 0 38 46
p/67.jpg 1 0 0 38 46
p/66.jpg 1 0 0 38 46
p/65.jpg 1 0 0 38 46
p/64.jpg 1 0 0 38 46
p/63.jpg 1 0 0 38 46
p/62.jpg 1 0 0 38 46
p/58.jpg 1 0 0 38 46
p/57.jpg 1 0 0 38 46
p/55.jpg 1 0 0 38 46
p/54.jpg 1 0 0 38 46
p/53.jpg 1 0 0 38 46
p/52.jpg 1 0 0 38 46
p/51.jpg 1 0 0 38 46
p/50.jpg 1 0 0 38 46
p/49.jpg 1 0 0 38 46
p/48.jpg 1 0 0 38 46
p/47.jpg 1 0 0 38 46
p/46.jpg 1 0 0 38 46
p/44.jpg 1 0 0 38 46
p/43.jpg 1 0 0 38 46
p/42.jpg 1 0 0 38 46
p/41.jpg 1 0 0 38 46
p/40.jpg 1 0 0 38 46
p/39.jpg 1 0 0 38 46
p/38.jpg 1 0 0 38 46
p/37.jpg 1 0 0 38 46
p/36.jpg 1 0 0 38 46
p/35.jpg 1 0 0 38 46
p/33.jpg 1 0 0 38 46
p/32.jpg 1 0 0 38 46
p/31.jpg 1 0 0 38 46
p/30.jpg 1 0 0 38 46
p/29.jpg 1 0 0 38 46
p/28.jpg 1 0 0 38 46
p/27.jpg 1 0 0 38 46
p/26.jpg 1 0 0 38 46
p/25.jpg 1 0 0 38 46
p/24.jpg 1 0 0 38 46
p/22.jpg 1 0 0 38 46
p/21.jpg 1 0 0 38 46
p/20.jpg 1 0 0 38 46
p/19.jpg 1 0 0 38 46
p/18.jpg 1 0 0 38 46
p/17.jpg 1 0 0 38 46
p/16.jpg 1 0 0 38 46
p/15.jpg 1 0 0 38 46
p/14.jpg 1 0 0 38 46
p/13.jpg 1 0 0 38 46
p/11.jpg 1 0 0 38 46
p/10.jpg 1 0 0 38 46
p/9.jpg 1 0 0 38 46
p/8.jpg 1 0 0 38 46
p/7.jpg 1 0 0 38 46
p/6.jpg 1 0 0 38 46
p/5.jpg 1 0 0 38 46
p/4.jpg 1 0 0 38 46
p/3.jpg 1 0 0 38 46
p/2.jpg 1 0 0 38 46
p/61.jpg 1 0 0 38 46
p/60.jpg 1 0 0 38 46
p/59.jpg 1 0 0 38 46
p/56.jpg 1 0 0 38 46
p/45.jpg 1 0 0 38 46
p/34.jpg 1 0 0 38 46
p/23.jpg 1 0 0 38 46
p/12.jpg 1 0 0 38 46
p/1.jpg 1 0 0 38 46
p/0.jpg 1 0 0 38 46